2024-05-18T22:53:01.307+03:00  INFO 12752 --- [main] e.e.r.RecyclingprojectApplication        : Starting RecyclingprojectApplication using Java 17.0.9 with PID 12752 (C:\Users\wwwme\OneDrive\Belgeler\GitHub\recyclingweb\recyclingproject\target\classes started by wwwme in C:\Users\wwwme\OneDrive\Belgeler\GitHub\recyclingweb)
2024-05-18T22:53:01.312+03:00 DEBUG 12752 --- [main] e.e.r.RecyclingprojectApplication        : Running with Spring Boot v3.2.3, Spring v6.1.4
2024-05-18T22:53:01.313+03:00  INFO 12752 --- [main] e.e.r.RecyclingprojectApplication        : No active profile set, falling back to 1 default profile: "default"
2024-05-18T22:53:02.176+03:00  INFO 12752 --- [main] .s.d.r.c.RepositoryConfigurationDelegate : Bootstrapping Spring Data JPA repositories in DEFAULT mode.
2024-05-18T22:53:02.256+03:00  INFO 12752 --- [main] .s.d.r.c.RepositoryConfigurationDelegate : Finished Spring Data repository scanning in 70 ms. Found 3 JPA repository interfaces.
2024-05-18T22:53:02.888+03:00  INFO 12752 --- [main] o.s.b.w.embedded.tomcat.TomcatWebServer  : Tomcat initialized with port 8080 (http)
2024-05-18T22:53:02.905+03:00  INFO 12752 --- [main] o.apache.catalina.core.StandardService   : Starting service [Tomcat]
2024-05-18T22:53:02.906+03:00  INFO 12752 --- [main] o.apache.catalina.core.StandardEngine    : Starting Servlet engine: [Apache Tomcat/10.1.19]
2024-05-18T22:53:02.994+03:00  INFO 12752 --- [main] o.a.c.c.C.[Tomcat].[localhost].[/]       : Initializing Spring embedded WebApplicationContext
2024-05-18T22:53:02.995+03:00  INFO 12752 --- [main] w.s.c.ServletWebServerApplicationContext : Root WebApplicationContext: initialization completed in 1592 ms
2024-05-18T22:53:03.211+03:00  INFO 12752 --- [main] o.hibernate.jpa.internal.util.LogHelper  : HHH000204: Processing PersistenceUnitInfo [name: default]
2024-05-18T22:53:03.365+03:00  INFO 12752 --- [main] org.hibernate.Version                    : HHH000412: Hibernate ORM core version 6.4.4.Final
2024-05-18T22:53:03.436+03:00  INFO 12752 --- [main] o.h.c.internal.RegionFactoryInitiator    : HHH000026: Second-level cache disabled
2024-05-18T22:53:03.891+03:00  INFO 12752 --- [main] o.s.o.j.p.SpringPersistenceUnitInfo      : No LoadTimeWeaver setup: ignoring JPA class transformer
2024-05-18T22:53:03.937+03:00  INFO 12752 --- [main] com.zaxxer.hikari.HikariDataSource       : HikariPool-1 - Starting...
2024-05-18T22:53:04.563+03:00  INFO 12752 --- [main] com.zaxxer.hikari.pool.HikariPool        : HikariPool-1 - Added connection com.mysql.cj.jdbc.ConnectionImpl@46702c26
2024-05-18T22:53:04.566+03:00  INFO 12752 --- [main] com.zaxxer.hikari.HikariDataSource       : HikariPool-1 - Start completed.
2024-05-18T22:53:05.943+03:00  INFO 12752 --- [main] o.h.e.t.j.p.i.JtaPlatformInitiator       : HHH000489: No JTA platform available (set 'hibernate.transaction.jta.platform' to enable JTA platform integration)
2024-05-18T22:53:06.022+03:00  INFO 12752 --- [main] j.LocalContainerEntityManagerFactoryBean : Initialized JPA EntityManagerFactory for persistence unit 'default'
2024-05-18T22:53:06.445+03:00  WARN 12752 --- [main] JpaBaseConfiguration$JpaWebConfiguration : spring.jpa.open-in-view is enabled by default. Therefore, database queries may be performed during view rendering. Explicitly configure spring.jpa.open-in-view to disable this warning
2024-05-18T22:53:06.908+03:00  INFO 12752 --- [main] o.s.b.w.embedded.tomcat.TomcatWebServer  : Tomcat started on port 8080 (http) with context path ''
2024-05-18T22:53:06.917+03:00  INFO 12752 --- [main] e.e.r.RecyclingprojectApplication        : Started RecyclingprojectApplication in 6.224 seconds (process running for 7.249)
2024-05-18T22:54:29.436+03:00  INFO 12752 --- [SpringApplicationShutdownHook] j.LocalContainerEntityManagerFactoryBean : Closing JPA EntityManagerFactory for persistence unit 'default'
2024-05-18T22:54:29.439+03:00  INFO 12752 --- [SpringApplicationShutdownHook] com.zaxxer.hikari.HikariDataSource       : HikariPool-1 - Shutdown initiated...
2024-05-18T22:54:29.452+03:00  INFO 12752 --- [SpringApplicationShutdownHook] com.zaxxer.hikari.HikariDataSource       : HikariPool-1 - Shutdown completed.
2024-05-18T22:55:08.289+03:00  INFO 9204 --- [main] e.e.r.RecyclingprojectApplication        : Starting RecyclingprojectApplication using Java 17.0.9 with PID 9204 (C:\Users\wwwme\OneDrive\Belgeler\GitHub\recyclingweb\recyclingproject\target\classes started by wwwme in C:\Users\wwwme\OneDrive\Belgeler\GitHub\recyclingweb)
2024-05-18T22:55:08.291+03:00 DEBUG 9204 --- [main] e.e.r.RecyclingprojectApplication        : Running with Spring Boot v3.2.3, Spring v6.1.4
2024-05-18T22:55:08.292+03:00  INFO 9204 --- [main] e.e.r.RecyclingprojectApplication        : No active profile set, falling back to 1 default profile: "default"
2024-05-18T22:55:09.053+03:00  INFO 9204 --- [main] .s.d.r.c.RepositoryConfigurationDelegate : Bootstrapping Spring Data JPA repositories in DEFAULT mode.
2024-05-18T22:55:09.132+03:00  INFO 9204 --- [main] .s.d.r.c.RepositoryConfigurationDelegate : Finished Spring Data repository scanning in 72 ms. Found 3 JPA repository interfaces.
2024-05-18T22:55:09.639+03:00  INFO 9204 --- [main] o.s.b.w.embedded.tomcat.TomcatWebServer  : Tomcat initialized with port 8080 (http)
2024-05-18T22:55:09.652+03:00  INFO 9204 --- [main] o.apache.catalina.core.StandardService   : Starting service [Tomcat]
2024-05-18T22:55:09.653+03:00  INFO 9204 --- [main] o.apache.catalina.core.StandardEngine    : Starting Servlet engine: [Apache Tomcat/10.1.19]
2024-05-18T22:55:09.712+03:00  INFO 9204 --- [main] o.a.c.c.C.[Tomcat].[localhost].[/]       : Initializing Spring embedded WebApplicationContext
2024-05-18T22:55:09.713+03:00  INFO 9204 --- [main] w.s.c.ServletWebServerApplicationContext : Root WebApplicationContext: initialization completed in 1369 ms
2024-05-18T22:55:09.865+03:00  INFO 9204 --- [main] o.hibernate.jpa.internal.util.LogHelper  : HHH000204: Processing PersistenceUnitInfo [name: default]
2024-05-18T22:55:09.927+03:00  INFO 9204 --- [main] org.hibernate.Version                    : HHH000412: Hibernate ORM core version 6.4.4.Final
2024-05-18T22:55:09.959+03:00  INFO 9204 --- [main] o.h.c.internal.RegionFactoryInitiator    : HHH000026: Second-level cache disabled
2024-05-18T22:55:10.190+03:00  INFO 9204 --- [main] o.s.o.j.p.SpringPersistenceUnitInfo      : No LoadTimeWeaver setup: ignoring JPA class transformer
2024-05-18T22:55:10.216+03:00  INFO 9204 --- [main] com.zaxxer.hikari.HikariDataSource       : HikariPool-1 - Starting...
2024-05-18T22:55:10.518+03:00  INFO 9204 --- [main] com.zaxxer.hikari.pool.HikariPool        : HikariPool-1 - Added connection com.mysql.cj.jdbc.ConnectionImpl@16b76858
2024-05-18T22:55:10.522+03:00  INFO 9204 --- [main] com.zaxxer.hikari.HikariDataSource       : HikariPool-1 - Start completed.
2024-05-18T22:55:11.562+03:00  INFO 9204 --- [main] o.h.e.t.j.p.i.JtaPlatformInitiator       : HHH000489: No JTA platform available (set 'hibernate.transaction.jta.platform' to enable JTA platform integration)
2024-05-18T22:55:11.699+03:00  INFO 9204 --- [main] j.LocalContainerEntityManagerFactoryBean : Initialized JPA EntityManagerFactory for persistence unit 'default'
2024-05-18T22:55:12.068+03:00  WARN 9204 --- [main] JpaBaseConfiguration$JpaWebConfiguration : spring.jpa.open-in-view is enabled by default. Therefore, database queries may be performed during view rendering. Explicitly configure spring.jpa.open-in-view to disable this warning
2024-05-18T22:55:12.465+03:00  INFO 9204 --- [main] o.s.b.w.embedded.tomcat.TomcatWebServer  : Tomcat started on port 8080 (http) with context path ''
2024-05-18T22:55:12.473+03:00  INFO 9204 --- [main] e.e.r.RecyclingprojectApplication        : Started RecyclingprojectApplication in 4.738 seconds (process running for 5.496)
2024-05-18T22:55:42.942+03:00  INFO 9204 --- [http-nio-8080-exec-1] o.a.c.c.C.[Tomcat].[localhost].[/]       : Initializing Spring DispatcherServlet 'dispatcherServlet'
2024-05-18T22:55:42.943+03:00  INFO 9204 --- [http-nio-8080-exec-1] o.s.web.servlet.DispatcherServlet        : Initializing Servlet 'dispatcherServlet'
2024-05-18T22:55:42.945+03:00  INFO 9204 --- [http-nio-8080-exec-1] o.s.web.servlet.DispatcherServlet        : Completed initialization in 2 ms
2024-05-18T22:58:29.064+03:00  INFO 9204 --- [SpringApplicationShutdownHook] j.LocalContainerEntityManagerFactoryBean : Closing JPA EntityManagerFactory for persistence unit 'default'
2024-05-18T22:58:29.067+03:00  INFO 9204 --- [SpringApplicationShutdownHook] com.zaxxer.hikari.HikariDataSource       : HikariPool-1 - Shutdown initiated...
2024-05-18T22:58:29.082+03:00  INFO 9204 --- [SpringApplicationShutdownHook] com.zaxxer.hikari.HikariDataSource       : HikariPool-1 - Shutdown completed.
2024-05-18T22:58:36.137+03:00  INFO 3004 --- [main] e.e.r.RecyclingprojectApplication        : Starting RecyclingprojectApplication using Java 17.0.9 with PID 3004 (C:\Users\wwwme\OneDrive\Belgeler\GitHub\recyclingweb\recyclingproject\target\classes started by wwwme in C:\Users\wwwme\OneDrive\Belgeler\GitHub\recyclingweb)
2024-05-18T22:58:36.140+03:00 DEBUG 3004 --- [main] e.e.r.RecyclingprojectApplication        : Running with Spring Boot v3.2.3, Spring v6.1.4
2024-05-18T22:58:36.141+03:00  INFO 3004 --- [main] e.e.r.RecyclingprojectApplication        : No active profile set, falling back to 1 default profile: "default"
2024-05-18T22:58:36.877+03:00  INFO 3004 --- [main] .s.d.r.c.RepositoryConfigurationDelegate : Bootstrapping Spring Data JPA repositories in DEFAULT mode.
2024-05-18T22:58:36.957+03:00  INFO 3004 --- [main] .s.d.r.c.RepositoryConfigurationDelegate : Finished Spring Data repository scanning in 74 ms. Found 3 JPA repository interfaces.
2024-05-18T22:58:37.503+03:00  INFO 3004 --- [main] o.s.b.w.embedded.tomcat.TomcatWebServer  : Tomcat initialized with port 8080 (http)
2024-05-18T22:58:37.517+03:00  INFO 3004 --- [main] o.apache.catalina.core.StandardService   : Starting service [Tomcat]
2024-05-18T22:58:37.517+03:00  INFO 3004 --- [main] o.apache.catalina.core.StandardEngine    : Starting Servlet engine: [Apache Tomcat/10.1.19]
2024-05-18T22:58:37.575+03:00  INFO 3004 --- [main] o.a.c.c.C.[Tomcat].[localhost].[/]       : Initializing Spring embedded WebApplicationContext
2024-05-18T22:58:37.576+03:00  INFO 3004 --- [main] w.s.c.ServletWebServerApplicationContext : Root WebApplicationContext: initialization completed in 1383 ms
2024-05-18T22:58:37.742+03:00  INFO 3004 --- [main] o.hibernate.jpa.internal.util.LogHelper  : HHH000204: Processing PersistenceUnitInfo [name: default]
2024-05-18T22:58:37.806+03:00  INFO 3004 --- [main] org.hibernate.Version                    : HHH000412: Hibernate ORM core version 6.4.4.Final
2024-05-18T22:58:37.838+03:00  INFO 3004 --- [main] o.h.c.internal.RegionFactoryInitiator    : HHH000026: Second-level cache disabled
2024-05-18T22:58:38.080+03:00  INFO 3004 --- [main] o.s.o.j.p.SpringPersistenceUnitInfo      : No LoadTimeWeaver setup: ignoring JPA class transformer
2024-05-18T22:58:38.110+03:00  INFO 3004 --- [main] com.zaxxer.hikari.HikariDataSource       : HikariPool-1 - Starting...
2024-05-18T22:58:38.419+03:00  INFO 3004 --- [main] com.zaxxer.hikari.pool.HikariPool        : HikariPool-1 - Added connection com.mysql.cj.jdbc.ConnectionImpl@65e620b0
2024-05-18T22:58:38.421+03:00  INFO 3004 --- [main] com.zaxxer.hikari.HikariDataSource       : HikariPool-1 - Start completed.
2024-05-18T22:58:39.404+03:00  INFO 3004 --- [main] o.h.e.t.j.p.i.JtaPlatformInitiator       : HHH000489: No JTA platform available (set 'hibernate.transaction.jta.platform' to enable JTA platform integration)
2024-05-18T22:58:39.470+03:00  INFO 3004 --- [main] j.LocalContainerEntityManagerFactoryBean : Initialized JPA EntityManagerFactory for persistence unit 'default'
2024-05-18T22:58:39.925+03:00  WARN 3004 --- [main] JpaBaseConfiguration$JpaWebConfiguration : spring.jpa.open-in-view is enabled by default. Therefore, database queries may be performed during view rendering. Explicitly configure spring.jpa.open-in-view to disable this warning
2024-05-18T22:58:40.360+03:00  INFO 3004 --- [main] o.s.b.w.embedded.tomcat.TomcatWebServer  : Tomcat started on port 8080 (http) with context path ''
2024-05-18T22:58:40.372+03:00  INFO 3004 --- [main] e.e.r.RecyclingprojectApplication        : Started RecyclingprojectApplication in 4.806 seconds (process running for 5.51)
2024-05-18T22:59:33.662+03:00  INFO 3004 --- [http-nio-8080-exec-1] o.a.c.c.C.[Tomcat].[localhost].[/]       : Initializing Spring DispatcherServlet 'dispatcherServlet'
2024-05-18T22:59:33.663+03:00  INFO 3004 --- [http-nio-8080-exec-1] o.s.web.servlet.DispatcherServlet        : Initializing Servlet 'dispatcherServlet'
2024-05-18T22:59:33.665+03:00  INFO 3004 --- [http-nio-8080-exec-1] o.s.web.servlet.DispatcherServlet        : Completed initialization in 2 ms
2024-05-18T23:01:51.163+03:00  INFO 3004 --- [SpringApplicationShutdownHook] j.LocalContainerEntityManagerFactoryBean : Closing JPA EntityManagerFactory for persistence unit 'default'
2024-05-18T23:01:51.165+03:00  INFO 3004 --- [SpringApplicationShutdownHook] com.zaxxer.hikari.HikariDataSource       : HikariPool-1 - Shutdown initiated...
2024-05-18T23:01:51.178+03:00  INFO 3004 --- [SpringApplicationShutdownHook] com.zaxxer.hikari.HikariDataSource       : HikariPool-1 - Shutdown completed.
2024-05-18T23:01:55.530+03:00  INFO 8548 --- [main] e.e.r.RecyclingprojectApplication        : Starting RecyclingprojectApplication using Java 17.0.9 with PID 8548 (C:\Users\wwwme\OneDrive\Belgeler\GitHub\recyclingweb\recyclingproject\target\classes started by wwwme in C:\Users\wwwme\OneDrive\Belgeler\GitHub\recyclingweb)
2024-05-18T23:01:55.533+03:00 DEBUG 8548 --- [main] e.e.r.RecyclingprojectApplication        : Running with Spring Boot v3.2.3, Spring v6.1.4
2024-05-18T23:01:55.535+03:00  INFO 8548 --- [main] e.e.r.RecyclingprojectApplication        : No active profile set, falling back to 1 default profile: "default"
2024-05-18T23:01:56.511+03:00  INFO 8548 --- [main] .s.d.r.c.RepositoryConfigurationDelegate : Bootstrapping Spring Data JPA repositories in DEFAULT mode.
2024-05-18T23:01:56.606+03:00  INFO 8548 --- [main] .s.d.r.c.RepositoryConfigurationDelegate : Finished Spring Data repository scanning in 86 ms. Found 3 JPA repository interfaces.
2024-05-18T23:01:57.288+03:00  INFO 8548 --- [main] o.s.b.w.embedded.tomcat.TomcatWebServer  : Tomcat initialized with port 8080 (http)
2024-05-18T23:01:57.304+03:00  INFO 8548 --- [main] o.apache.catalina.core.StandardService   : Starting service [Tomcat]
2024-05-18T23:01:57.305+03:00  INFO 8548 --- [main] o.apache.catalina.core.StandardEngine    : Starting Servlet engine: [Apache Tomcat/10.1.19]
2024-05-18T23:01:57.379+03:00  INFO 8548 --- [main] o.a.c.c.C.[Tomcat].[localhost].[/]       : Initializing Spring embedded WebApplicationContext
2024-05-18T23:01:57.380+03:00  INFO 8548 --- [main] w.s.c.ServletWebServerApplicationContext : Root WebApplicationContext: initialization completed in 1773 ms
2024-05-18T23:01:57.565+03:00  INFO 8548 --- [main] o.hibernate.jpa.internal.util.LogHelper  : HHH000204: Processing PersistenceUnitInfo [name: default]
2024-05-18T23:01:57.643+03:00  INFO 8548 --- [main] org.hibernate.Version                    : HHH000412: Hibernate ORM core version 6.4.4.Final
2024-05-18T23:01:57.690+03:00  INFO 8548 --- [main] o.h.c.internal.RegionFactoryInitiator    : HHH000026: Second-level cache disabled
2024-05-18T23:01:58.060+03:00  INFO 8548 --- [main] o.s.o.j.p.SpringPersistenceUnitInfo      : No LoadTimeWeaver setup: ignoring JPA class transformer
2024-05-18T23:01:58.100+03:00  INFO 8548 --- [main] com.zaxxer.hikari.HikariDataSource       : HikariPool-1 - Starting...
2024-05-18T23:01:58.535+03:00  INFO 8548 --- [main] com.zaxxer.hikari.pool.HikariPool        : HikariPool-1 - Added connection com.mysql.cj.jdbc.ConnectionImpl@8bc0696
2024-05-18T23:01:58.538+03:00  INFO 8548 --- [main] com.zaxxer.hikari.HikariDataSource       : HikariPool-1 - Start completed.
2024-05-18T23:01:59.807+03:00  INFO 8548 --- [main] o.h.e.t.j.p.i.JtaPlatformInitiator       : HHH000489: No JTA platform available (set 'hibernate.transaction.jta.platform' to enable JTA platform integration)
2024-05-18T23:01:59.875+03:00  INFO 8548 --- [main] j.LocalContainerEntityManagerFactoryBean : Initialized JPA EntityManagerFactory for persistence unit 'default'
2024-05-18T23:02:00.397+03:00  WARN 8548 --- [main] JpaBaseConfiguration$JpaWebConfiguration : spring.jpa.open-in-view is enabled by default. Therefore, database queries may be performed during view rendering. Explicitly configure spring.jpa.open-in-view to disable this warning
2024-05-18T23:02:00.855+03:00  INFO 8548 --- [main] o.s.b.w.embedded.tomcat.TomcatWebServer  : Tomcat started on port 8080 (http) with context path ''
2024-05-18T23:02:00.870+03:00  INFO 8548 --- [main] e.e.r.RecyclingprojectApplication        : Started RecyclingprojectApplication in 6.235 seconds (process running for 7.215)
2024-05-18T23:03:59.740+03:00  INFO 8548 --- [http-nio-8080-exec-2] o.a.c.c.C.[Tomcat].[localhost].[/]       : Initializing Spring DispatcherServlet 'dispatcherServlet'
2024-05-18T23:03:59.742+03:00  INFO 8548 --- [http-nio-8080-exec-2] o.s.web.servlet.DispatcherServlet        : Initializing Servlet 'dispatcherServlet'
2024-05-18T23:03:59.747+03:00  INFO 8548 --- [http-nio-8080-exec-2] o.s.web.servlet.DispatcherServlet        : Completed initialization in 4 ms
2024-05-18T23:18:29.737+03:00  INFO 8548 --- [SpringApplicationShutdownHook] j.LocalContainerEntityManagerFactoryBean : Closing JPA EntityManagerFactory for persistence unit 'default'
2024-05-18T23:18:29.742+03:00  INFO 8548 --- [SpringApplicationShutdownHook] com.zaxxer.hikari.HikariDataSource       : HikariPool-1 - Shutdown initiated...
2024-05-18T23:18:29.763+03:00  INFO 8548 --- [SpringApplicationShutdownHook] com.zaxxer.hikari.HikariDataSource       : HikariPool-1 - Shutdown completed.
